<?xml version="1.0" encoding="UTF-8"?>
<!-- Generated by org.testng.reporters.JUnitReportReporter -->
<testsuite hostname="DESKTOP-8EHPO28" failures="0" tests="3" name="RegisterPageTest" time="6.240" errors="0" timestamp="2024-01-31T01:47:02 EET" skipped="0">
  <testcase classname="RegisterPageTest" name="register" time="3.607"/>
  <testcase classname="RegisterPageTest" name="valid_login" time="1.213"/>
  <testcase classname="RegisterPageTest" name="Search" time="1.420"/>
</testsuite> <!-- RegisterPageTest -->
