<?xml version="1.0" encoding="UTF-8"?>
<!-- Generated by org.testng.reporters.JUnitReportReporter -->
<testsuite hostname="DESKTOP-8EHPO28" failures="0" tests="6" name="RegisterPageTest" time="25.837" errors="0" timestamp="2024-02-01T05:14:07 EET" skipped="0">
  <testcase classname="RegisterPageTest" name="register" time="10.882"/>
  <testcase classname="RegisterPageTest" name="register" time="6.168"/>
  <testcase classname="RegisterPageTest" name="valid_login" time="2.394"/>
  <testcase classname="RegisterPageTest" name="valid_login" time="1.665"/>
  <testcase classname="RegisterPageTest" name="Search" time="1.875"/>
  <testcase classname="RegisterPageTest" name="Search" time="2.853"/>
</testsuite> <!-- RegisterPageTest -->
